X: [ 0.          0.05611222  0.11222445  0.16833667  0.2244489   0.28056112
  0.33667335  0.39278557  0.4488978   0.50501002  0.56112224  0.61723447
  0.67334669  0.72945892  0.78557114  0.84168337  0.89779559  0.95390782
  1.01002004  1.06613226  1.12224449  1.17835671  1.23446894  1.29058116
  1.34669339  1.40280561  1.45891784  1.51503006  1.57114228  1.62725451
  1.68336673  1.73947896  1.79559118  1.85170341  1.90781563  1.96392786
  2.02004008  2.0761523   2.13226453  2.18837675  2.24448898  2.3006012
  2.35671343  2.41282565  2.46893788  2.5250501   2.58116232  2.63727455
  2.69338677  2.749499    2.80561122  2.86172345  2.91783567  2.9739479
  3.03006012  3.08617234  3.14228457  3.19839679  3.25450902  3.31062124
  3.36673347  3.42284569  3.47895792  3.53507014  3.59118236  3.64729459
  3.70340681  3.75951904  3.81563126  3.87174349  3.92785571  3.98396794
  4.04008016  4.09619238  4.15230461  4.20841683  4.26452906  4.32064128
  4.37675351  4.43286573  4.48897796  4.54509018  4.6012024   4.65731463
  4.71342685  4.76953908  4.8256513   4.88176353  4.93787575  4.99398798
  5.0501002   5.10621242  5.16232465  5.21843687  5.2745491   5.33066132
  5.38677355  5.44288577  5.498998    5.55511022  5.61122244  5.66733467
  5.72344689  5.77955912  5.83567134  5.89178357  5.94789579  6.00400802
  6.06012024  6.11623246  6.17234469  6.22845691  6.28456914  6.34068136
  6.39679359  6.45290581  6.50901804  6.56513026  6.62124248  6.67735471
  6.73346693  6.78957916  6.84569138  6.90180361  6.95791583  7.01402806
  7.07014028  7.12625251  7.18236473  7.23847695  7.29458918  7.3507014
  7.40681363  7.46292585  7.51903808  7.5751503   7.63126253  7.68737475
  7.74348697  7.7995992   7.85571142  7.91182365  7.96793587  8.0240481
  8.08016032  8.13627255  8.19238477  8.24849699  8.30460922  8.36072144
  8.41683367  8.47294589  8.52905812  8.58517034  8.64128257  8.69739479
  8.75350701  8.80961924  8.86573146  8.92184369  8.97795591  9.03406814
  9.09018036  9.14629259  9.20240481  9.25851703  9.31462926  9.37074148
  9.42685371  9.48296593  9.53907816  9.59519038  9.65130261  9.70741483
  9.76352705  9.81963928  9.8757515   9.93186373  9.98797595 10.04408818
 10.1002004  10.15631263 10.21242485 10.26853707 10.3246493  10.38076152
 10.43687375 10.49298597 10.5490982  10.60521042 10.66132265 10.71743487
 10.77354709 10.82965932 10.88577154 10.94188377 10.99799599 11.05410822
 11.11022044 11.16633267 11.22244489 11.27855711 11.33466934 11.39078156
 11.44689379 11.50300601 11.55911824 11.61523046 11.67134269 11.72745491
 11.78356713 11.83967936 11.89579158 11.95190381 12.00801603 12.06412826
 12.12024048 12.17635271 12.23246493 12.28857715 12.34468938 12.4008016
 12.45691383 12.51302605 12.56913828 12.6252505  12.68136273 12.73747495
 12.79358717 12.8496994  12.90581162 12.96192385 13.01803607 13.0741483
 13.13026052 13.18637275 13.24248497 13.29859719 13.35470942 13.41082164
 13.46693387 13.52304609 13.57915832 13.63527054 13.69138277 13.74749499
 13.80360721 13.85971944 13.91583166 13.97194389 14.02805611 14.08416834
 14.14028056 14.19639279 14.25250501 14.30861723 14.36472946 14.42084168
 14.47695391 14.53306613 14.58917836 14.64529058 14.70140281 14.75751503
 14.81362725 14.86973948 14.9258517  14.98196393 15.03807615 15.09418838
 15.1503006  15.20641283 15.26252505 15.31863727 15.3747495  15.43086172
 15.48697395 15.54308617 15.5991984  15.65531062 15.71142285 15.76753507
 15.82364729 15.87975952 15.93587174 15.99198397 16.04809619 16.10420842
 16.16032064 16.21643287 16.27254509 16.32865731 16.38476954 16.44088176
 16.49699399 16.55310621 16.60921844 16.66533066 16.72144289 16.77755511
 16.83366733 16.88977956 16.94589178 17.00200401 17.05811623 17.11422846
 17.17034068 17.22645291 17.28256513 17.33867735 17.39478958 17.4509018
 17.50701403 17.56312625 17.61923848 17.6753507  17.73146293 17.78757515
 17.84368737 17.8997996  17.95591182 18.01202405 18.06813627 18.1242485
 18.18036072 18.23647295 18.29258517 18.34869739 18.40480962 18.46092184
 18.51703407 18.57314629 18.62925852 18.68537074 18.74148297 18.79759519
 18.85370741 18.90981964 18.96593186 19.02204409 19.07815631 19.13426854
 19.19038076 19.24649299 19.30260521 19.35871743 19.41482966 19.47094188
 19.52705411 19.58316633 19.63927856 19.69539078 19.75150301 19.80761523
 19.86372745 19.91983968 19.9759519  20.03206413 20.08817635 20.14428858
 20.2004008  20.25651303 20.31262525 20.36873747 20.4248497  20.48096192
 20.53707415 20.59318637 20.6492986  20.70541082 20.76152305 20.81763527
 20.87374749 20.92985972 20.98597194 21.04208417 21.09819639 21.15430862
 21.21042084 21.26653307 21.32264529 21.37875752 21.43486974 21.49098196
 21.54709419 21.60320641 21.65931864 21.71543086 21.77154309 21.82765531
 21.88376754 21.93987976 21.99599198 22.05210421 22.10821643 22.16432866
 22.22044088 22.27655311 22.33266533 22.38877756 22.44488978 22.501002
 22.55711423 22.61322645 22.66933868 22.7254509  22.78156313 22.83767535
 22.89378758 22.9498998  23.00601202 23.06212425 23.11823647 23.1743487
 23.23046092 23.28657315 23.34268537 23.3987976  23.45490982 23.51102204
 23.56713427 23.62324649 23.67935872 23.73547094 23.79158317 23.84769539
 23.90380762 23.95991984 24.01603206 24.07214429 24.12825651 24.18436874
 24.24048096 24.29659319 24.35270541 24.40881764 24.46492986 24.52104208
 24.57715431 24.63326653 24.68937876 24.74549098 24.80160321 24.85771543
 24.91382766 24.96993988 25.0260521  25.08216433 25.13827655 25.19438878
 25.250501   25.30661323 25.36272545 25.41883768 25.4749499  25.53106212
 25.58717435 25.64328657 25.6993988  25.75551102 25.81162325 25.86773547
 25.9238477  25.97995992 26.03607214 26.09218437 26.14829659 26.20440882
 26.26052104 26.31663327 26.37274549 26.42885772 26.48496994 26.54108216
 26.59719439 26.65330661 26.70941884 26.76553106 26.82164329 26.87775551
 26.93386774 26.98997996 27.04609218 27.10220441 27.15831663 27.21442886
 27.27054108 27.32665331 27.38276553 27.43887776 27.49498998 27.5511022
 27.60721443 27.66332665 27.71943888 27.7755511  27.83166333 27.88777555
 27.94388778 28.        ]
Y: [1000.         1005.59579439 1011.16073269 1016.69481488 1022.19804097
 1027.67041096 1033.11192485 1038.52258264 1043.90238433 1049.25132991
 1054.5694194  1059.85665278 1065.11303007 1070.33855125 1075.53321633
 1080.69702531 1085.82997819 1090.93207497 1096.00331565 1101.04370023
 1106.0532287  1111.03190108 1115.97971735 1120.89667752 1125.7827816
 1130.63802957 1135.46242144 1140.2559572  1145.01863687 1149.75046044
 1154.45142791 1159.12153927 1163.76079453 1168.3691937  1172.94673676
 1177.49342372 1182.00925458 1186.49422934 1190.948348   1195.37161056
 1199.76401701 1204.12556737 1208.45626162 1212.75609977 1217.02508183
 1221.26320778 1225.47047763 1229.64689138 1233.79244903 1237.90715057
 1241.99099602 1246.04398537 1250.06611861 1254.05739575 1258.0178168
 1261.94738174 1265.84609058 1269.71394332 1273.55093996 1277.35708049
 1281.13236493 1284.87679327 1288.5903655  1292.27308163 1295.92494167
 1299.5459456  1303.13609343 1306.69538516 1310.22382079 1313.72140032
 1317.18812374 1320.62399107 1324.02900229 1327.40315742 1330.74645644
 1334.05889936 1337.34048618 1340.5912169  1343.81109152 1347.00011004
 1350.15827246 1353.28557877 1356.38202899 1359.4476231  1362.48236112
 1365.48624303 1368.45926884 1371.40143855 1374.31275216 1377.19320967
 1380.04281107 1382.86155638 1385.64944558 1388.40647869 1391.13265569
 1393.82797659 1396.4924414  1399.1260501  1401.7288027  1404.30069919
 1406.84173959 1409.35192389 1411.83125208 1414.27972418 1416.69734017
 1419.08410006 1421.44000386 1423.76505155 1426.05924314 1428.32257862
 1430.55505801 1432.7566813  1434.92744848 1437.06735957 1439.17641455
 1441.25461344 1443.30195622 1445.3184429  1447.30407348 1449.25884796
 1451.18276633 1453.07582861 1454.93803479 1456.76938486 1458.56987884
 1460.33951671 1462.07829848 1463.78622415 1465.46329372 1467.10950719
 1468.72486456 1470.30936583 1471.86301099 1473.38580006 1474.87773302
 1476.33880988 1477.76903065 1479.16839531 1480.53690387 1481.87455633
 1483.18135269 1484.45729294 1485.7023771  1486.91660515 1488.09997711
 1489.25249296 1490.37415271 1491.46495637 1492.52490392 1493.55399537
 1494.55223071 1495.51960996 1496.45613311 1497.36180015 1498.2366111
 1499.08056594 1499.89366468 1500.67590733 1501.42729387 1502.14782431
 1502.83749864 1503.49631688 1504.12427902 1504.72138505 1505.28763499
 1505.82302882 1506.32756656 1506.80124819 1507.24407372 1507.65604315
 1508.03715648 1508.38741371 1508.70681483 1508.99535986 1509.25304878
 1509.47988161 1509.67585833 1509.84097895 1509.97524347 1510.07865189
 1510.15120421 1510.19290043 1510.20374055 1510.18372456 1510.13285248
 1510.05112429 1509.93854001 1509.79509962 1509.62080313 1509.41565054
 1509.17964185 1508.91277706 1508.61505616 1508.28647917 1507.92704608
 1507.53675688 1507.11561158 1506.66361019 1506.18075269 1505.66703909
 1505.12246939 1504.54704359 1503.94076168 1503.30362368 1502.63562958
 1501.93677937 1501.20707306 1500.44651066 1499.65509215 1498.83281754
 1497.97968683 1497.09570002 1496.1808571  1495.23515809 1494.25860298
 1493.25119176 1492.21292445 1491.14380103 1490.04382151 1488.91298589
 1487.75129417 1486.55874635 1485.33534243 1484.08108241 1482.79596628
 1481.47999406 1480.13316573 1478.7554813  1477.34694078 1475.90754415
 1474.43729142 1472.93618259 1471.40421765 1469.84139662 1468.24771949
 1466.62318625 1464.96779692 1463.28155148 1461.56444994 1459.8164923
 1458.03767856 1456.22800872 1454.38748278 1452.51610074 1450.61386259
 1448.68076835 1446.716818   1444.72201156 1442.69634901 1440.63983036
 1438.55245561 1436.43422476 1434.28513781 1432.10519476 1429.8943956
 1427.65274035 1425.380229   1423.07686154 1420.74263798 1418.37755832
 1415.98162256 1413.5548307  1411.09718274 1408.60867868 1406.08931852
 1403.53910225 1400.95802989 1398.34610142 1395.70331685 1393.02967619
 1390.32517942 1387.58982655 1384.82361758 1382.0265525  1379.19863133
 1376.33985406 1373.45022068 1370.52973121 1367.57838563 1364.59618395
 1361.58312617 1358.53921229 1355.46444231 1352.35881623 1349.22233405
 1346.05499576 1342.85680138 1339.62775089 1336.36784431 1333.07708162
 1329.75546283 1326.40298794 1323.01965695 1319.60546986 1316.16042666
 1312.68452737 1309.17777198 1305.64016048 1302.07169288 1298.47236919
 1294.84218939 1291.18115349 1287.48926149 1283.76651339 1280.01290919
 1276.22844888 1272.41313248 1268.56695997 1264.68993137 1260.78204666
 1256.84330585 1252.87370894 1248.87325593 1244.84194682 1240.77978161
 1236.68676029 1232.56288288 1228.40814936 1224.22255975 1220.00611403
 1215.75881221 1211.48065429 1207.17164027 1202.83177015 1198.46104393
 1194.05946161 1189.62702318 1185.16372866 1180.66957803 1176.14457131
 1171.58870848 1167.00198955 1162.38441452 1157.73598339 1153.05669616
 1148.34655283 1143.60555339 1138.83369786 1134.03098622 1129.19741848
 1124.33299465 1119.43771471 1114.51157867 1109.55458653 1104.56673829
 1099.54803394 1094.4984735  1089.41805696 1084.30678431 1079.16465556
 1073.99167072 1068.78782977 1063.55313272 1058.28757957 1052.99117032
 1047.66390496 1042.30578351 1036.91680596 1031.4969723  1026.04628255
 1020.56473669 1015.05233473 1009.50907667 1003.93496251  998.32999225
  992.69416589  987.02748342  981.32994486  975.60155019  969.84229943
  964.05219256  958.23122959  952.37941052  946.49673535  940.58320408
  934.63881671  928.66357324  922.65747366  916.62051799  910.55270621
  904.45403834  898.32451436  892.16413428  885.9728981   879.75080582
  873.49785744  867.21405296  860.89939237  854.55387569  848.1775029
  841.77027401  835.33218903  828.86324794  822.36345075  815.83279746
  809.27128807  802.67892257  796.05570098  789.40162329  782.71668949
  776.00089959  769.2542536   762.4767515   755.6683933   748.829179
  741.9591086   735.0581821   728.12639949  721.16376079  714.17026598
  707.14591508  700.09070807  693.00464496  685.88772575  678.73995044
  671.56131903  664.35183152  657.11148791  649.84028819  642.53823238
  635.20532046  627.84155244  620.44692833  613.02144811  605.56511179
  598.07791937  590.55987084  583.01096622  575.4312055   567.82058867
  560.17911575  552.50678672  544.80360159  537.06956036  529.30466303
  521.5089096   513.68230007  505.82483444  497.9365127   490.01733487
  482.06730093  474.0864109   466.07466476  458.03206252  449.95860418
  441.85428974  433.7191192   425.55309256  417.35620981  409.12847097
  400.86987602  392.58042498  384.26011783  375.90895458  367.52693523
  359.11405978  350.67032823  342.19574058  333.69029683  325.15399697
  316.58684102  307.98882896  299.3599608   290.70023655  282.00965619
  273.28821973  264.53592716  255.7527785   246.93877374  238.09391288
  229.21819591  220.31162284  211.37419368  202.40590841  193.40676704
  184.37676957  175.315916    166.22420633  157.10164056  147.94821868
  138.76394071  129.54880663  120.30281645  111.02597018  101.7182678
   92.37970932   83.01029474   73.61002406   64.17889727   54.71691439
   45.22407541   35.70038032   26.14582913   16.56042185    6.94415846
    0.            0.            0.            0.            0.        ]
Time: [ 0.          0.05611222  0.11222445  0.16833667  0.2244489   0.28056112
  0.33667335  0.39278557  0.4488978   0.50501002  0.56112224  0.61723447
  0.67334669  0.72945892  0.78557114  0.84168337  0.89779559  0.95390782
  1.01002004  1.06613226  1.12224449  1.17835671  1.23446894  1.29058116
  1.34669339  1.40280561  1.45891784  1.51503006  1.57114228  1.62725451
  1.68336673  1.73947896  1.79559118  1.85170341  1.90781563  1.96392786
  2.02004008  2.0761523   2.13226453  2.18837675  2.24448898  2.3006012
  2.35671343  2.41282565  2.46893788  2.5250501   2.58116232  2.63727455
  2.69338677  2.749499    2.80561122  2.86172345  2.91783567  2.9739479
  3.03006012  3.08617234  3.14228457  3.19839679  3.25450902  3.31062124
  3.36673347  3.42284569  3.47895792  3.53507014  3.59118236  3.64729459
  3.70340681  3.75951904  3.81563126  3.87174349  3.92785571  3.98396794
  4.04008016  4.09619238  4.15230461  4.20841683  4.26452906  4.32064128
  4.37675351  4.43286573  4.48897796  4.54509018  4.6012024   4.65731463
  4.71342685  4.76953908  4.8256513   4.88176353  4.93787575  4.99398798
  5.0501002   5.10621242  5.16232465  5.21843687  5.2745491   5.33066132
  5.38677355  5.44288577  5.498998    5.55511022  5.61122244  5.66733467
  5.72344689  5.77955912  5.83567134  5.89178357  5.94789579  6.00400802
  6.06012024  6.11623246  6.17234469  6.22845691  6.28456914  6.34068136
  6.39679359  6.45290581  6.50901804  6.56513026  6.62124248  6.67735471
  6.73346693  6.78957916  6.84569138  6.90180361  6.95791583  7.01402806
  7.07014028  7.12625251  7.18236473  7.23847695  7.29458918  7.3507014
  7.40681363  7.46292585  7.51903808  7.5751503   7.63126253  7.68737475
  7.74348697  7.7995992   7.85571142  7.91182365  7.96793587  8.0240481
  8.08016032  8.13627255  8.19238477  8.24849699  8.30460922  8.36072144
  8.41683367  8.47294589  8.52905812  8.58517034  8.64128257  8.69739479
  8.75350701  8.80961924  8.86573146  8.92184369  8.97795591  9.03406814
  9.09018036  9.14629259  9.20240481  9.25851703  9.31462926  9.37074148
  9.42685371  9.48296593  9.53907816  9.59519038  9.65130261  9.70741483
  9.76352705  9.81963928  9.8757515   9.93186373  9.98797595 10.04408818
 10.1002004  10.15631263 10.21242485 10.26853707 10.3246493  10.38076152
 10.43687375 10.49298597 10.5490982  10.60521042 10.66132265 10.71743487
 10.77354709 10.82965932 10.88577154 10.94188377 10.99799599 11.05410822
 11.11022044 11.16633267 11.22244489 11.27855711 11.33466934 11.39078156
 11.44689379 11.50300601 11.55911824 11.61523046 11.67134269 11.72745491
 11.78356713 11.83967936 11.89579158 11.95190381 12.00801603 12.06412826
 12.12024048 12.17635271 12.23246493 12.28857715 12.34468938 12.4008016
 12.45691383 12.51302605 12.56913828 12.6252505  12.68136273 12.73747495
 12.79358717 12.8496994  12.90581162 12.96192385 13.01803607 13.0741483
 13.13026052 13.18637275 13.24248497 13.29859719 13.35470942 13.41082164
 13.46693387 13.52304609 13.57915832 13.63527054 13.69138277 13.74749499
 13.80360721 13.85971944 13.91583166 13.97194389 14.02805611 14.08416834
 14.14028056 14.19639279 14.25250501 14.30861723 14.36472946 14.42084168
 14.47695391 14.53306613 14.58917836 14.64529058 14.70140281 14.75751503
 14.81362725 14.86973948 14.9258517  14.98196393 15.03807615 15.09418838
 15.1503006  15.20641283 15.26252505 15.31863727 15.3747495  15.43086172
 15.48697395 15.54308617 15.5991984  15.65531062 15.71142285 15.76753507
 15.82364729 15.87975952 15.93587174 15.99198397 16.04809619 16.10420842
 16.16032064 16.21643287 16.27254509 16.32865731 16.38476954 16.44088176
 16.49699399 16.55310621 16.60921844 16.66533066 16.72144289 16.77755511
 16.83366733 16.88977956 16.94589178 17.00200401 17.05811623 17.11422846
 17.17034068 17.22645291 17.28256513 17.33867735 17.39478958 17.4509018
 17.50701403 17.56312625 17.61923848 17.6753507  17.73146293 17.78757515
 17.84368737 17.8997996  17.95591182 18.01202405 18.06813627 18.1242485
 18.18036072 18.23647295 18.29258517 18.34869739 18.40480962 18.46092184
 18.51703407 18.57314629 18.62925852 18.68537074 18.74148297 18.79759519
 18.85370741 18.90981964 18.96593186 19.02204409 19.07815631 19.13426854
 19.19038076 19.24649299 19.30260521 19.35871743 19.41482966 19.47094188
 19.52705411 19.58316633 19.63927856 19.69539078 19.75150301 19.80761523
 19.86372745 19.91983968 19.9759519  20.03206413 20.08817635 20.14428858
 20.2004008  20.25651303 20.31262525 20.36873747 20.4248497  20.48096192
 20.53707415 20.59318637 20.6492986  20.70541082 20.76152305 20.81763527
 20.87374749 20.92985972 20.98597194 21.04208417 21.09819639 21.15430862
 21.21042084 21.26653307 21.32264529 21.37875752 21.43486974 21.49098196
 21.54709419 21.60320641 21.65931864 21.71543086 21.77154309 21.82765531
 21.88376754 21.93987976 21.99599198 22.05210421 22.10821643 22.16432866
 22.22044088 22.27655311 22.33266533 22.38877756 22.44488978 22.501002
 22.55711423 22.61322645 22.66933868 22.7254509  22.78156313 22.83767535
 22.89378758 22.9498998  23.00601202 23.06212425 23.11823647 23.1743487
 23.23046092 23.28657315 23.34268537 23.3987976  23.45490982 23.51102204
 23.56713427 23.62324649 23.67935872 23.73547094 23.79158317 23.84769539
 23.90380762 23.95991984 24.01603206 24.07214429 24.12825651 24.18436874
 24.24048096 24.29659319 24.35270541 24.40881764 24.46492986 24.52104208
 24.57715431 24.63326653 24.68937876 24.74549098 24.80160321 24.85771543
 24.91382766 24.96993988 25.0260521  25.08216433 25.13827655 25.19438878
 25.250501   25.30661323 25.36272545 25.41883768 25.4749499  25.53106212
 25.58717435 25.64328657 25.6993988  25.75551102 25.81162325 25.86773547
 25.9238477  25.97995992 26.03607214 26.09218437 26.14829659 26.20440882
 26.26052104 26.31663327 26.37274549 26.42885772 26.48496994 26.54108216
 26.59719439 26.65330661 26.70941884 26.76553106 26.82164329 26.87775551
 26.93386774 26.98997996 27.04609218 27.10220441 27.15831663 27.21442886
 27.27054108 27.32665331 27.38276553 27.43887776 27.49498998 27.5511022
 27.60721443 27.66332665 27.71943888 27.7755511  27.83166333 27.88777555
 27.94388778 28.        ]